Unity Editor version:    2022.3.58f1 (ed7f6eacb62e)
Branch:                  2022.3/staging
Build type:              Release
Batch mode:              YES
macOS version:           Version 15.3.1 (Build 24D70)
Darwin version:          24.3.0
Architecture:            x86_64
Running under Rosetta:   YES
Available memory:        36864 MB
Using pre-set license
Pro License: YES

COMMAND LINE ARGUMENTS:
/Applications/Unity/Hub/Editor/2022.3.58f1/Unity.app/Contents/MacOS/Unity
-adb2
-batchMode
-noUpm
-name
AssetImportWorker10
-projectPath
/Users/nataliab/Documents/GitHub/IOT-Home/IOT TinyHouse
-logFile
Logs/AssetImportWorker10.log
-srvPort
59642
Successfully changed project path to: /Users/nataliab/Documents/GitHub/IOT-Home/IOT TinyHouse
/Users/nataliab/Documents/GitHub/IOT-Home/IOT TinyHouse
[UnityMemory] Configuration Parameters - Can be set up in boot.config
    "memorysetup-bucket-allocator-granularity=16"
    "memorysetup-bucket-allocator-bucket-count=8"
    "memorysetup-bucket-allocator-block-size=33554432"
    "memorysetup-bucket-allocator-block-count=8"
    "memorysetup-main-allocator-block-size=16777216"
    "memorysetup-thread-allocator-block-size=16777216"
    "memorysetup-gfx-main-allocator-block-size=16777216"
    "memorysetup-gfx-thread-allocator-block-size=16777216"
    "memorysetup-cache-allocator-block-size=4194304"
    "memorysetup-typetree-allocator-block-size=2097152"
    "memorysetup-profiler-bucket-allocator-granularity=16"
    "memorysetup-profiler-bucket-allocator-bucket-count=8"
    "memorysetup-profiler-bucket-allocator-block-size=33554432"
    "memorysetup-profiler-bucket-allocator-block-count=8"
    "memorysetup-profiler-allocator-block-size=16777216"
    "memorysetup-profiler-editor-allocator-block-size=1048576"
    "memorysetup-temp-allocator-size-main=16777216"
    "memorysetup-job-temp-allocator-block-size=2097152"
    "memorysetup-job-temp-allocator-block-size-background=1048576"
    "memorysetup-job-temp-allocator-reduction-small-platforms=262144"
    "memorysetup-allocator-temp-initial-block-size-main=262144"
    "memorysetup-allocator-temp-initial-block-size-worker=262144"
    "memorysetup-temp-allocator-size-background-worker=32768"
    "memorysetup-temp-allocator-size-job-worker=262144"
    "memorysetup-temp-allocator-size-preload-manager=33554432"
    "memorysetup-temp-allocator-size-nav-mesh-worker=65536"
    "memorysetup-temp-allocator-size-audio-worker=65536"
    "memorysetup-temp-allocator-size-cloud-worker=32768"
    "memorysetup-temp-allocator-size-gi-baking-worker=262144"
    "memorysetup-temp-allocator-size-gfx=262144"
Player connection [8753717760]  Target information:

Player connection [8753717760]  * "[IP] 10.19.67.56 [Port] 0 [Flags] 2 [Guid] 1409396595 [EditorId] 1409396595 [Version] 1048832 [Id] OSXEditor(0,NB-mb.arts.local) [Debug] 1 [PackageName] OSXEditor [ProjectName] Editor" 

Player connection [8753717760] Host joined multi-casting on [225.0.0.222:54997]...
Player connection [8753717760] Host joined alternative multi-casting on [225.0.0.222:34997]...
Input System module state changed to: Initialized.
[PhysX] Initialized MultithreadedTaskDispatcher with 11 workers.
Refreshing native plugins compatible for Editor in 3.44 ms, found 2 plugins.
Preloading 0 native plugins for Editor in 0.00 ms.
Initialize engine version: 2022.3.58f1 (ed7f6eacb62e)
[Subsystems] Discovering subsystems at path /Applications/Unity/Hub/Editor/2022.3.58f1/Unity.app/Contents/Resources/UnitySubsystems
[Subsystems] Discovering subsystems at path /Users/nataliab/Documents/GitHub/IOT-Home/IOT TinyHouse/Assets
GfxDevice: creating device client; threaded=0; jobified=0
 preferred device: Apple M3 Pro (high power)
Metal devices available: 1
0: Apple M3 Pro (high power)
Using device Apple M3 Pro (high power)
Initializing Metal device caps: Apple M3 Pro
Initialize mono
Mono path[0] = '/Applications/Unity/Hub/Editor/2022.3.58f1/Unity.app/Contents/Managed'
Mono path[1] = '/Applications/Unity/Hub/Editor/2022.3.58f1/Unity.app/Contents/MonoBleedingEdge/lib/mono/unityjit-macos'
Mono config path = '/Applications/Unity/Hub/Editor/2022.3.58f1/Unity.app/Contents/MonoBleedingEdge/etc'
Using monoOptions --debugger-agent=transport=dt_socket,embedding=1,server=y,suspend=n,address=127.0.0.1:56480
Begin MonoManager ReloadAssembly
Registering precompiled unity dll's ...
Register platform support module: /Applications/Unity/Hub/Editor/2022.3.58f1/Unity.app/Contents/PlaybackEngines/MacStandaloneSupport/UnityEditor.OSXStandalone.Extensions.dll
Register platform support module: /Applications/Unity/Hub/Editor/2022.3.58f1/PlaybackEngines/AndroidPlayer/UnityEditor.Android.Extensions.dll
Registered in 0.001115 seconds.
- Loaded All Assemblies, in  0.435 seconds
Native extension for Android target not found
Android Extension - Scanning For ADB Devices 212 ms
Native extension for OSXStandalone target not found
Mono: successfully reloaded assembly
- Finished resetting the current domain, in  1.102 seconds
Domain Reload Profiling: 1538ms
	BeginReloadAssembly (157ms)
		ExecutionOrderSort (0ms)
		DisableScriptedObjects (0ms)
		BackupInstance (0ms)
		ReleaseScriptingObjects (0ms)
		CreateAndSetChildDomain (2ms)
	RebuildCommonClasses (29ms)
	RebuildNativeTypeToScriptingClass (8ms)
	initialDomainReloadingComplete (109ms)
	LoadAllAssembliesAndSetupDomain (131ms)
		LoadAssemblies (156ms)
		RebuildTransferFunctionScriptingTraits (0ms)
		AnalyzeDomain (128ms)
			TypeCache.Refresh (125ms)
				TypeCache.ScanAssembly (114ms)
			ScanForSourceGeneratedMonoScriptInfo (0ms)
			ResolveRequiredComponents (2ms)
	FinalizeReload (1103ms)
		ReleaseScriptCaches (0ms)
		RebuildScriptCaches (0ms)
		SetupLoadedEditorAssemblies (1030ms)
			LogAssemblyErrors (0ms)
			InitializePlatformSupportModulesInManaged (501ms)
			SetLoadedEditorAssemblies (9ms)
			RefreshPlugins (0ms)
			BeforeProcessingInitializeOnLoad (7ms)
			ProcessInitializeOnLoadAttributes (354ms)
			ProcessInitializeOnLoadMethodAttributes (158ms)
			AfterProcessingInitializeOnLoad (0ms)
			EditorAssembliesLoaded (0ms)
		ExecutionOrderSort2 (0ms)
		AwakeInstancesAfterBackupRestoration (0ms)
========================================================================
Worker process is ready to serve import requests
Caller must complete domain reload
Begin MonoManager ReloadAssembly
- Loaded All Assemblies, in  0.846 seconds
Native extension for Android target not found
Native extension for OSXStandalone target not found
Mono: successfully reloaded assembly
- Finished resetting the current domain, in  1.471 seconds
Domain Reload Profiling: 2319ms
	BeginReloadAssembly (271ms)
		ExecutionOrderSort (0ms)
		DisableScriptedObjects (32ms)
		BackupInstance (0ms)
		ReleaseScriptingObjects (0ms)
		CreateAndSetChildDomain (27ms)
	RebuildCommonClasses (28ms)
	RebuildNativeTypeToScriptingClass (8ms)
	initialDomainReloadingComplete (87ms)
	LoadAllAssembliesAndSetupDomain (452ms)
		LoadAssemblies (423ms)
		RebuildTransferFunctionScriptingTraits (0ms)
		AnalyzeDomain (163ms)
			TypeCache.Refresh (131ms)
				TypeCache.ScanAssembly (117ms)
			ScanForSourceGeneratedMonoScriptInfo (21ms)
			ResolveRequiredComponents (10ms)
	FinalizeReload (1473ms)
		ReleaseScriptCaches (0ms)
		RebuildScriptCaches (0ms)
		SetupLoadedEditorAssemblies (1143ms)
			LogAssemblyErrors (0ms)
			InitializePlatformSupportModulesInManaged (40ms)
			SetLoadedEditorAssemblies (7ms)
			RefreshPlugins (0ms)
			BeforeProcessingInitializeOnLoad (97ms)
			ProcessInitializeOnLoadAttributes (918ms)
			ProcessInitializeOnLoadMethodAttributes (80ms)
			AfterProcessingInitializeOnLoad (1ms)
			EditorAssembliesLoaded (0ms)
		ExecutionOrderSort2 (0ms)
		AwakeInstancesAfterBackupRestoration (10ms)
Launching external process: /Applications/Unity/Hub/Editor/2022.3.58f1/Unity.app/Contents/Tools/UnityShaderCompiler
Launched and connected shader compiler UnityShaderCompiler after 0.07 seconds
Refreshing native plugins compatible for Editor in 0.72 ms, found 2 plugins.
Preloading 0 native plugins for Editor in 0.00 ms.
Unloading 3179 Unused Serialized files (Serialized files now loaded: 0)
Unloading 19 unused Assets / (49.1 KB). Loaded Objects now: 3666.
Memory consumption went from 131.3 MB to 131.2 MB.
Total: 2.716667 ms (FindLiveObjects: 0.151209 ms CreateObjectMapping: 0.051334 ms MarkObjects: 2.404375 ms  DeleteObjects: 0.108958 ms)

AssetImportParameters requested are different than current active one (requested -> active):
  custom:container-demuxer-ogg: 62fdf1f143b41e24485cea50d1cbac27 -> 
  custom:video-decoder-ogg-theora: a1e56fd34408186e4bbccfd4996cb3dc -> 
  custom:CustomObjectIndexerAttribute: 9a22284fe3817be447336de3de66b15e -> 
  custom:container-demuxer-webm: 4f35f7cbe854078d1ac9338744f61a02 -> 
  custom:scripting/monoscript/fileName/Door.cs: 89da75c00dd875a160d70ad71da9a2a1 -> 
  custom:container-muxer-webm: aa71ff27fc2769a1b78a27578f13a17b -> 
  custom:video-decoder-webm-vp8: 9c59270c3fd7afecdb556c50c9e8de78 -> 
  custom:SearchIndexIgnoredProperties: e643bd26f0fe6173181afceb89e7c659 -> 
  custom:AudioImporter_EditorPlatform: 3918e3fc78b5a79bad01e8451be0beb8 -> 
  custom:framework-osx-AVFoundation: e770b220cccbd017edd2c1fefb359320 -> 
  custom:video-encoder-webm-vp8: eb34c28f22e8b96e1ab97ce403110664 -> 
  custom:audio-decoder-ogg-vorbis: bf7c407c2cedff20999df2af8eb42d56 -> 
  custom:audio-encoder-webm-vorbis: bf7c407c2cedff20999df2af8eb42d56 -> 
========================================================================
Received Import Request.
  Time since last request: 41382.557276 seconds.
  path: Assets/FurnishedCabin/Meshes/Bed.fbx
  artifactKey: Guid(78cca8ac5dce04729af9f9377e69636c) Importer(815301076,1909f56bfc062723c751e8b465ee728b)
Start importing Assets/FurnishedCabin/Meshes/Bed.fbx using Guid(78cca8ac5dce04729af9f9377e69636c) Importer(815301076,1909f56bfc062723c751e8b465ee728b) [PhysX] Initialized MultithreadedTaskDispatcher with 11 workers.
[PhysX] Initialized MultithreadedTaskDispatcher with 11 workers.
[PhysX] Initialized MultithreadedTaskDispatcher with 11 workers.
[PhysX] Initialized MultithreadedTaskDispatcher with 11 workers.
[PhysX] Initialized MultithreadedTaskDispatcher with 11 workers.
[PhysX] Initialized MultithreadedTaskDispatcher with 11 workers.
[PhysX] Initialized MultithreadedTaskDispatcher with 11 workers.
[PhysX] Initialized MultithreadedTaskDispatcher with 11 workers.
[PhysX] Initialized MultithreadedTaskDispatcher with 11 workers.
[PhysX] Initialized MultithreadedTaskDispatcher with 11 workers.
 -> (artifact id: '0aa76a7b72afbae212e7064a7ff46afe') in 0.842234 seconds
Number of updated asset objects reloaded before import = 0
Number of asset objects unloaded after import = 28
========================================================================
Received Import Request.
  Time since last request: 0.000095 seconds.
  path: Assets/FurnishedCabin/Meshes/Toilet.fbx
  artifactKey: Guid(361d39cd9e9d9495aac07c02c06df127) Importer(815301076,1909f56bfc062723c751e8b465ee728b)
Start importing Assets/FurnishedCabin/Meshes/Toilet.fbx using Guid(361d39cd9e9d9495aac07c02c06df127) Importer(815301076,1909f56bfc062723c751e8b465ee728b) [PhysX] Initialized MultithreadedTaskDispatcher with 11 workers.
[PhysX] Initialized MultithreadedTaskDispatcher with 11 workers.
[PhysX] Initialized MultithreadedTaskDispatcher with 11 workers.
 -> (artifact id: 'f578d6173372e68b009f83abf8444287') in 0.019687 seconds
Number of updated asset objects reloaded before import = 0
Number of asset objects unloaded after import = 12
========================================================================
Received Import Request.
  Time since last request: 0.000145 seconds.
  path: Assets/FurnishedCabin/Meshes/CoffeeTable.fbx
  artifactKey: Guid(87dbd671cf01c4a2092308da3db7c073) Importer(815301076,1909f56bfc062723c751e8b465ee728b)
Start importing Assets/FurnishedCabin/Meshes/CoffeeTable.fbx using Guid(87dbd671cf01c4a2092308da3db7c073) Importer(815301076,1909f56bfc062723c751e8b465ee728b) [PhysX] Initialized MultithreadedTaskDispatcher with 11 workers.
[PhysX] Initialized MultithreadedTaskDispatcher with 11 workers.
[PhysX] Initialized MultithreadedTaskDispatcher with 11 workers.
 -> (artifact id: '4e9e5ed832e06fbf140002cd3a013827') in 0.016422 seconds
Number of updated asset objects reloaded before import = 0
Number of asset objects unloaded after import = 11
========================================================================
Received Import Request.
  Time since last request: 0.000039 seconds.
  path: Assets/FurnishedCabin/Meshes/Building.fbx
  artifactKey: Guid(98e60240b18f7429b87de03283152eb9) Importer(815301076,1909f56bfc062723c751e8b465ee728b)
Start importing Assets/FurnishedCabin/Meshes/Building.fbx using Guid(98e60240b18f7429b87de03283152eb9) Importer(815301076,1909f56bfc062723c751e8b465ee728b) [PhysX] Initialized MultithreadedTaskDispatcher with 11 workers.
[PhysX] Initialized MultithreadedTaskDispatcher with 11 workers.
[PhysX] Initialized MultithreadedTaskDispatcher with 11 workers.
 -> (artifact id: '89117ee022c97abbc6b3f184a95e8c20') in 0.373476 seconds
Number of updated asset objects reloaded before import = 0
Number of asset objects unloaded after import = 15
========================================================================
Received Import Request.
  Time since last request: 0.000045 seconds.
  path: Assets/FurnishedCabin/Meshes/Towel.fbx
  artifactKey: Guid(c3c06bf3731094f39bb21b24568f8a72) Importer(815301076,1909f56bfc062723c751e8b465ee728b)
Start importing Assets/FurnishedCabin/Meshes/Towel.fbx using Guid(c3c06bf3731094f39bb21b24568f8a72) Importer(815301076,1909f56bfc062723c751e8b465ee728b) [PhysX] Initialized MultithreadedTaskDispatcher with 11 workers.
[PhysX] Initialized MultithreadedTaskDispatcher with 11 workers.
[PhysX] Initialized MultithreadedTaskDispatcher with 11 workers.
 -> (artifact id: 'd09822313f3c1fe3da0aa350ff36b239') in 0.018757 seconds
Number of updated asset objects reloaded before import = 0
Number of asset objects unloaded after import = 12
========================================================================
Received Import Request.
  Time since last request: 0.000046 seconds.
  path: Assets/FurnishedCabin/Meshes/Sofa.fbx
  artifactKey: Guid(0cf5e90e2357e254fb0b8e86b93898a7) Importer(815301076,1909f56bfc062723c751e8b465ee728b)
Start importing Assets/FurnishedCabin/Meshes/Sofa.fbx using Guid(0cf5e90e2357e254fb0b8e86b93898a7) Importer(815301076,1909f56bfc062723c751e8b465ee728b) [PhysX] Initialized MultithreadedTaskDispatcher with 11 workers.
[PhysX] Initialized MultithreadedTaskDispatcher with 11 workers.
[PhysX] Initialized MultithreadedTaskDispatcher with 11 workers.
 -> (artifact id: '489b7ec77befd6de4924e6862537f048') in 0.017019 seconds
Number of updated asset objects reloaded before import = 0
Number of asset objects unloaded after import = 11
========================================================================
Received Import Request.
  Time since last request: 0.000043 seconds.
  path: Assets/FurnishedCabin/Meshes/Carpet.fbx
  artifactKey: Guid(b82ea09c564244770861a67c8c28a0db) Importer(815301076,1909f56bfc062723c751e8b465ee728b)
Start importing Assets/FurnishedCabin/Meshes/Carpet.fbx using Guid(b82ea09c564244770861a67c8c28a0db) Importer(815301076,1909f56bfc062723c751e8b465ee728b) [PhysX] Initialized MultithreadedTaskDispatcher with 11 workers.
[PhysX] Initialized MultithreadedTaskDispatcher with 11 workers.
[PhysX] Initialized MultithreadedTaskDispatcher with 11 workers.
 -> (artifact id: 'bfb33699e4bbc0817c96238f3c4889e1') in 0.023027 seconds
Number of updated asset objects reloaded before import = 0
Number of asset objects unloaded after import = 12
========================================================================
Received Import Request.
  Time since last request: 0.000047 seconds.
  path: Assets/FurnishedCabin/Meshes/Lightswitch.fbx
  artifactKey: Guid(05c7d60c5a0554567951323c7c871432) Importer(815301076,1909f56bfc062723c751e8b465ee728b)
Start importing Assets/FurnishedCabin/Meshes/Lightswitch.fbx using Guid(05c7d60c5a0554567951323c7c871432) Importer(815301076,1909f56bfc062723c751e8b465ee728b) [PhysX] Initialized MultithreadedTaskDispatcher with 11 workers.
[PhysX] Initialized MultithreadedTaskDispatcher with 11 workers.
[PhysX] Initialized MultithreadedTaskDispatcher with 11 workers.
 -> (artifact id: '0e73330be4995baebcc9682b6aee4327') in 0.016946 seconds
Number of updated asset objects reloaded before import = 0
Number of asset objects unloaded after import = 12
========================================================================
Received Import Request.
  Time since last request: 0.000050 seconds.
  path: Assets/FurnishedCabin/Meshes/Sphere.fbx
  artifactKey: Guid(8c8ba908765f8584e9f2948b64581a1a) Importer(815301076,1909f56bfc062723c751e8b465ee728b)
Start importing Assets/FurnishedCabin/Meshes/Sphere.fbx using Guid(8c8ba908765f8584e9f2948b64581a1a) Importer(815301076,1909f56bfc062723c751e8b465ee728b) [PhysX] Initialized MultithreadedTaskDispatcher with 11 workers.
[PhysX] Initialized MultithreadedTaskDispatcher with 11 workers.
[PhysX] Initialized MultithreadedTaskDispatcher with 11 workers.
[PhysX] Initialized MultithreadedTaskDispatcher with 11 workers.
[PhysX] Initialized MultithreadedTaskDispatcher with 11 workers.
[PhysX] Initialized MultithreadedTaskDispatcher with 11 workers.
[PhysX] Initialized MultithreadedTaskDispatcher with 11 workers.
[PhysX] Initialized MultithreadedTaskDispatcher with 11 workers.
[PhysX] Initialized MultithreadedTaskDispatcher with 11 workers.
[PhysX] Initialized MultithreadedTaskDispatcher with 11 workers.
[PhysX] Initialized MultithreadedTaskDispatcher with 11 workers.
[PhysX] Initialized MultithreadedTaskDispatcher with 11 workers.
[PhysX] Initialized MultithreadedTaskDispatcher with 11 workers.
[PhysX] Initialized MultithreadedTaskDispatcher with 11 workers.
[PhysX] Initialized MultithreadedTaskDispatcher with 11 workers.
[PhysX] Initialized MultithreadedTaskDispatcher with 11 workers.
[PhysX] Initialized MultithreadedTaskDispatcher with 11 workers.
[PhysX] Initialized MultithreadedTaskDispatcher with 11 workers.
 -> (artifact id: '2d05214b320cff5a18b402e1fd16e60e') in 0.068705 seconds
Number of updated asset objects reloaded before import = 0
Number of asset objects unloaded after import = 62
========================================================================
Received Import Request.
  Time since last request: 0.000041 seconds.
  path: Assets/FurnishedCabin/Meshes/Closet.fbx
  artifactKey: Guid(1a6cb6ae194964e949def57e23f52428) Importer(815301076,1909f56bfc062723c751e8b465ee728b)
Start importing Assets/FurnishedCabin/Meshes/Closet.fbx using Guid(1a6cb6ae194964e949def57e23f52428) Importer(815301076,1909f56bfc062723c751e8b465ee728b) [PhysX] Initialized MultithreadedTaskDispatcher with 11 workers.
[PhysX] Initialized MultithreadedTaskDispatcher with 11 workers.
[PhysX] Initialized MultithreadedTaskDispatcher with 11 workers.
[PhysX] Initialized MultithreadedTaskDispatcher with 11 workers.
[PhysX] Initialized MultithreadedTaskDispatcher with 11 workers.
[PhysX] Initialized MultithreadedTaskDispatcher with 11 workers.
[PhysX] Initialized MultithreadedTaskDispatcher with 11 workers.
[PhysX] Initialized MultithreadedTaskDispatcher with 11 workers.
 -> (artifact id: '198accff126febd3aa0fd6fc99e7a383') in 0.033511 seconds
Number of updated asset objects reloaded before import = 0
Number of asset objects unloaded after import = 27
========================================================================
Received Import Request.
  Time since last request: 0.000047 seconds.
  path: Assets/FurnishedCabin/Meshes/ChestOfDraws.fbx
  artifactKey: Guid(e41b6552046814b19a9905c4f669429b) Importer(815301076,1909f56bfc062723c751e8b465ee728b)
Start importing Assets/FurnishedCabin/Meshes/ChestOfDraws.fbx using Guid(e41b6552046814b19a9905c4f669429b) Importer(815301076,1909f56bfc062723c751e8b465ee728b) [PhysX] Initialized MultithreadedTaskDispatcher with 11 workers.
[PhysX] Initialized MultithreadedTaskDispatcher with 11 workers.
[PhysX] Initialized MultithreadedTaskDispatcher with 11 workers.
[PhysX] Initialized MultithreadedTaskDispatcher with 11 workers.
[PhysX] Initialized MultithreadedTaskDispatcher with 11 workers.
[PhysX] Initialized MultithreadedTaskDispatcher with 11 workers.
[PhysX] Initialized MultithreadedTaskDispatcher with 11 workers.
[PhysX] Initialized MultithreadedTaskDispatcher with 11 workers.
[PhysX] Initialized MultithreadedTaskDispatcher with 11 workers.
[PhysX] Initialized MultithreadedTaskDispatcher with 11 workers.
[PhysX] Initialized MultithreadedTaskDispatcher with 11 workers.
[PhysX] Initialized MultithreadedTaskDispatcher with 11 workers.
[PhysX] Initialized MultithreadedTaskDispatcher with 11 workers.
[PhysX] Initialized MultithreadedTaskDispatcher with 11 workers.
[PhysX] Initialized MultithreadedTaskDispatcher with 11 workers.
[PhysX] Initialized MultithreadedTaskDispatcher with 11 workers.
[PhysX] Initialized MultithreadedTaskDispatcher with 11 workers.
[PhysX] Initialized MultithreadedTaskDispatcher with 11 workers.
 -> (artifact id: 'e9ca026eb12e20715b52819f9254004f') in 0.069657 seconds
Number of updated asset objects reloaded before import = 0
Number of asset objects unloaded after import = 70
========================================================================
Received Import Request.
  Time since last request: 0.000094 seconds.
  path: Assets/FurnishedCabin/Meshes/Fireplace.fbx
  artifactKey: Guid(91dd9734515124a55a7601f751109097) Importer(815301076,1909f56bfc062723c751e8b465ee728b)
Start importing Assets/FurnishedCabin/Meshes/Fireplace.fbx using Guid(91dd9734515124a55a7601f751109097) Importer(815301076,1909f56bfc062723c751e8b465ee728b) [PhysX] Initialized MultithreadedTaskDispatcher with 11 workers.
[PhysX] Initialized MultithreadedTaskDispatcher with 11 workers.
[PhysX] Initialized MultithreadedTaskDispatcher with 11 workers.
 -> (artifact id: 'd6f2b01779e8338587de55f5c93d130d') in 0.020225 seconds
Number of updated asset objects reloaded before import = 0
Number of asset objects unloaded after import = 12
========================================================================
Received Import Request.
  Time since last request: 0.000056 seconds.
  path: Assets/FurnishedCabin/Meshes/Curtain.fbx
  artifactKey: Guid(2b9feae22f933444ea115e64ae65fe7c) Importer(815301076,1909f56bfc062723c751e8b465ee728b)
Start importing Assets/FurnishedCabin/Meshes/Curtain.fbx using Guid(2b9feae22f933444ea115e64ae65fe7c) Importer(815301076,1909f56bfc062723c751e8b465ee728b) [PhysX] Initialized MultithreadedTaskDispatcher with 11 workers.
[PhysX] Initialized MultithreadedTaskDispatcher with 11 workers.
[PhysX] Initialized MultithreadedTaskDispatcher with 11 workers.
 -> (artifact id: 'b9426e847eadd8abf9c663ad13cac040') in 0.021549 seconds
Number of updated asset objects reloaded before import = 0
Number of asset objects unloaded after import = 12
========================================================================
Received Import Request.
  Time since last request: 0.000077 seconds.
  path: Assets/FurnishedCabin/Meshes/CurtainSmall.fbx
  artifactKey: Guid(43d79aaf9fe2b4ccaa12db9228294f34) Importer(815301076,1909f56bfc062723c751e8b465ee728b)
Start importing Assets/FurnishedCabin/Meshes/CurtainSmall.fbx using Guid(43d79aaf9fe2b4ccaa12db9228294f34) Importer(815301076,1909f56bfc062723c751e8b465ee728b) [PhysX] Initialized MultithreadedTaskDispatcher with 11 workers.
[PhysX] Initialized MultithreadedTaskDispatcher with 11 workers.
[PhysX] Initialized MultithreadedTaskDispatcher with 11 workers.
 -> (artifact id: '79270e1f409002b80c1d1b3a6273df4c') in 0.020955 seconds
Number of updated asset objects reloaded before import = 0
Number of asset objects unloaded after import = 12
========================================================================
Received Import Request.
  Time since last request: 0.000163 seconds.
  path: Assets/FurnishedCabin/Meshes/Lamp.fbx
  artifactKey: Guid(6d218f58f8d994088bdbda6c916f467f) Importer(815301076,1909f56bfc062723c751e8b465ee728b)
Start importing Assets/FurnishedCabin/Meshes/Lamp.fbx using Guid(6d218f58f8d994088bdbda6c916f467f) Importer(815301076,1909f56bfc062723c751e8b465ee728b) [PhysX] Initialized MultithreadedTaskDispatcher with 11 workers.
[PhysX] Initialized MultithreadedTaskDispatcher with 11 workers.
[PhysX] Initialized MultithreadedTaskDispatcher with 11 workers.
 -> (artifact id: '92f7d617b9e4efb467313d47c22901be') in 0.018424 seconds
Number of updated asset objects reloaded before import = 0
Number of asset objects unloaded after import = 11
Editor requested this worker to shutdown with reason: Scaling down because of idle timeout
TcpMessagingSession - receive error: operation aborted. errorcode: 89, details: Operation aborted.
AssetImportWorker is now disconnected from the server
Process exiting
