Using pre-set license
Built from '2022.3/staging' branch; Version is '2022.3.58f1 (ed7f6eacb62e) revision 15564654'; Using compiler version '192829333'; Build Type 'Release'
OS: 'Windows 11  (10.0.26100) 64bit Professional' Language: 'en' Physical Memory: 32694 MB
BatchMode: 1, IsHumanControllingUs: 0, StartBugReporterOnCrash: 0, Is64bit: 1, IsPro: 1

COMMAND LINE ARGUMENTS:
D:\software\2022.3.58f1\Editor\Unity.exe
-adb2
-batchMode
-noUpm
-name
AssetImportWorker4
-projectPath
C:/Users/Evie/Documents/UAL/Git/IOT-Home/IOT TinyHouse
-logFile
Logs/AssetImportWorker4.log
-srvPort
54993
Successfully changed project path to: C:/Users/Evie/Documents/UAL/Git/IOT-Home/IOT TinyHouse
C:/Users/Evie/Documents/UAL/Git/IOT-Home/IOT TinyHouse
[UnityMemory] Configuration Parameters - Can be set up in boot.config
    "memorysetup-bucket-allocator-granularity=16"
    "memorysetup-bucket-allocator-bucket-count=8"
    "memorysetup-bucket-allocator-block-size=33554432"
    "memorysetup-bucket-allocator-block-count=8"
    "memorysetup-main-allocator-block-size=16777216"
    "memorysetup-thread-allocator-block-size=16777216"
    "memorysetup-gfx-main-allocator-block-size=16777216"
    "memorysetup-gfx-thread-allocator-block-size=16777216"
    "memorysetup-cache-allocator-block-size=4194304"
    "memorysetup-typetree-allocator-block-size=2097152"
    "memorysetup-profiler-bucket-allocator-granularity=16"
    "memorysetup-profiler-bucket-allocator-bucket-count=8"
    "memorysetup-profiler-bucket-allocator-block-size=33554432"
    "memorysetup-profiler-bucket-allocator-block-count=8"
    "memorysetup-profiler-allocator-block-size=16777216"
    "memorysetup-profiler-editor-allocator-block-size=1048576"
    "memorysetup-temp-allocator-size-main=16777216"
    "memorysetup-job-temp-allocator-block-size=2097152"
    "memorysetup-job-temp-allocator-block-size-background=1048576"
    "memorysetup-job-temp-allocator-reduction-small-platforms=262144"
    "memorysetup-allocator-temp-initial-block-size-main=262144"
    "memorysetup-allocator-temp-initial-block-size-worker=262144"
    "memorysetup-temp-allocator-size-background-worker=32768"
    "memorysetup-temp-allocator-size-job-worker=262144"
    "memorysetup-temp-allocator-size-preload-manager=33554432"
    "memorysetup-temp-allocator-size-nav-mesh-worker=65536"
    "memorysetup-temp-allocator-size-audio-worker=65536"
    "memorysetup-temp-allocator-size-cloud-worker=32768"
    "memorysetup-temp-allocator-size-gi-baking-worker=262144"
    "memorysetup-temp-allocator-size-gfx=262144"
Player connection [57112]  Target information:

Player connection [57112]  * "[IP] 192.168.1.193 [Port] 0 [Flags] 2 [Guid] 875650691 [EditorId] 875650691 [Version] 1048832 [Id] WindowsEditor(7,DESKTOP-KAFSR43) [Debug] 1 [PackageName] WindowsEditor [ProjectName] Editor" 

Player connection [57112] Host joined multi-casting on [225.0.0.222:54997]...
Player connection [57112] Host joined alternative multi-casting on [225.0.0.222:34997]...
Input System module state changed to: Initialized.
[PhysX] Initialized MultithreadedTaskDispatcher with 16 workers.
Refreshing native plugins compatible for Editor in 9.12 ms, found 3 plugins.
Preloading 0 native plugins for Editor in 0.00 ms.
Initialize engine version: 2022.3.58f1 (ed7f6eacb62e)
[Subsystems] Discovering subsystems at path D:/software/2022.3.58f1/Editor/Data/Resources/UnitySubsystems
[Subsystems] Discovering subsystems at path C:/Users/Evie/Documents/UAL/Git/IOT-Home/IOT TinyHouse/Assets
GfxDevice: creating device client; threaded=0; jobified=0
Direct3D:
    Version:  Direct3D 11.0 [level 11.1]
    Renderer: NVIDIA GeForce RTX 3060 Ti (ID=0x2486)
    Vendor:   NVIDIA
    VRAM:     8024 MB
    Driver:   32.0.15.6636
Initialize mono
Mono path[0] = 'D:/software/2022.3.58f1/Editor/Data/Managed'
Mono path[1] = 'D:/software/2022.3.58f1/Editor/Data/MonoBleedingEdge/lib/mono/unityjit-win32'
Mono config path = 'D:/software/2022.3.58f1/Editor/Data/MonoBleedingEdge/etc'
Using monoOptions --debugger-agent=transport=dt_socket,embedding=1,server=y,suspend=n,address=127.0.0.1:56764
Begin MonoManager ReloadAssembly
Registering precompiled unity dll's ...
Register platform support module: D:/software/2022.3.58f1/Editor/Data/PlaybackEngines/AndroidPlayer/UnityEditor.Android.Extensions.dll
Register platform support module: D:/software/2022.3.58f1/Editor/Data/PlaybackEngines/WindowsStandaloneSupport/UnityEditor.WindowsStandalone.Extensions.dll
Register platform support module: D:/software/2022.3.58f1/Editor/Data/PlaybackEngines/MetroSupport/UnityEditor.UWP.Extensions.dll
Registered in 0.004795 seconds.
- Loaded All Assemblies, in  0.272 seconds
Native extension for UWP target not found
Native extension for WindowsStandalone target not found
Native extension for Android target not found
Android Extension - Scanning For ADB Devices 206 ms
Mono: successfully reloaded assembly
- Finished resetting the current domain, in  0.443 seconds
Domain Reload Profiling: 715ms
	BeginReloadAssembly (92ms)
		ExecutionOrderSort (0ms)
		DisableScriptedObjects (0ms)
		BackupInstance (0ms)
		ReleaseScriptingObjects (0ms)
		CreateAndSetChildDomain (1ms)
	RebuildCommonClasses (25ms)
	RebuildNativeTypeToScriptingClass (8ms)
	initialDomainReloadingComplete (38ms)
	LoadAllAssembliesAndSetupDomain (109ms)
		LoadAssemblies (92ms)
		RebuildTransferFunctionScriptingTraits (0ms)
		AnalyzeDomain (107ms)
			TypeCache.Refresh (106ms)
				TypeCache.ScanAssembly (97ms)
			ScanForSourceGeneratedMonoScriptInfo (0ms)
			ResolveRequiredComponents (0ms)
	FinalizeReload (443ms)
		ReleaseScriptCaches (0ms)
		RebuildScriptCaches (0ms)
		SetupLoadedEditorAssemblies (408ms)
			LogAssemblyErrors (0ms)
			InitializePlatformSupportModulesInManaged (277ms)
			SetLoadedEditorAssemblies (3ms)
			RefreshPlugins (0ms)
			BeforeProcessingInitializeOnLoad (2ms)
			ProcessInitializeOnLoadAttributes (93ms)
			ProcessInitializeOnLoadMethodAttributes (33ms)
			AfterProcessingInitializeOnLoad (0ms)
			EditorAssembliesLoaded (0ms)
		ExecutionOrderSort2 (0ms)
		AwakeInstancesAfterBackupRestoration (0ms)
========================================================================
Worker process is ready to serve import requests
Caller must complete domain reload
Begin MonoManager ReloadAssembly
- Loaded All Assemblies, in  0.502 seconds
Native extension for UWP target not found
Native extension for WindowsStandalone target not found
Native extension for Android target not found
Mono: successfully reloaded assembly
- Finished resetting the current domain, in  0.454 seconds
Domain Reload Profiling: 955ms
	BeginReloadAssembly (123ms)
		ExecutionOrderSort (0ms)
		DisableScriptedObjects (4ms)
		BackupInstance (0ms)
		ReleaseScriptingObjects (0ms)
		CreateAndSetChildDomain (19ms)
	RebuildCommonClasses (30ms)
	RebuildNativeTypeToScriptingClass (9ms)
	initialDomainReloadingComplete (32ms)
	LoadAllAssembliesAndSetupDomain (306ms)
		LoadAssemblies (234ms)
		RebuildTransferFunctionScriptingTraits (0ms)
		AnalyzeDomain (148ms)
			TypeCache.Refresh (131ms)
				TypeCache.ScanAssembly (119ms)
			ScanForSourceGeneratedMonoScriptInfo (11ms)
			ResolveRequiredComponents (4ms)
	FinalizeReload (455ms)
		ReleaseScriptCaches (0ms)
		RebuildScriptCaches (0ms)
		SetupLoadedEditorAssemblies (327ms)
			LogAssemblyErrors (0ms)
			InitializePlatformSupportModulesInManaged (16ms)
			SetLoadedEditorAssemblies (4ms)
			RefreshPlugins (0ms)
			BeforeProcessingInitializeOnLoad (50ms)
			ProcessInitializeOnLoadAttributes (236ms)
			ProcessInitializeOnLoadMethodAttributes (19ms)
			AfterProcessingInitializeOnLoad (2ms)
			EditorAssembliesLoaded (0ms)
		ExecutionOrderSort2 (0ms)
		AwakeInstancesAfterBackupRestoration (5ms)
Launched and connected shader compiler UnityShaderCompiler.exe after 0.04 seconds
Refreshing native plugins compatible for Editor in 4.12 ms, found 3 plugins.
Preloading 0 native plugins for Editor in 0.00 ms.
Unloading 3181 Unused Serialized files (Serialized files now loaded: 0)
Unloading 18 unused Assets / (27.2 KB). Loaded Objects now: 3672.
Memory consumption went from 130.7 MB to 130.7 MB.
Total: 3.379600 ms (FindLiveObjects: 0.225300 ms CreateObjectMapping: 0.070000 ms MarkObjects: 3.035300 ms  DeleteObjects: 0.048400 ms)

AssetImportParameters requested are different than current active one (requested -> active):
  custom:container-demuxer-ogg: 62fdf1f143b41e24485cea50d1cbac27 -> 
  custom:video-decoder-ogg-theora: a1e56fd34408186e4bbccfd4996cb3dc -> 
  custom:framework-win-MediaFoundation: 216162199b28c13a410421893ffa2e32 -> 
  custom:CustomObjectIndexerAttribute: 9a22284fe3817be447336de3de66b15e -> 
  custom:container-demuxer-webm: 4f35f7cbe854078d1ac9338744f61a02 -> 
  custom:container-muxer-webm: aa71ff27fc2769a1b78a27578f13a17b -> 
  custom:video-decoder-webm-vp8: 9c59270c3fd7afecdb556c50c9e8de78 -> 
  custom:SearchIndexIgnoredProperties: e643bd26f0fe6173181afceb89e7c659 -> 
  custom:AudioImporter_EditorPlatform: d09bf68614088b80899f8185d706f6e7 -> 
  custom:video-encoder-webm-vp8: eb34c28f22e8b96e1ab97ce403110664 -> 
  custom:audio-decoder-ogg-vorbis: bf7c407c2cedff20999df2af8eb42d56 -> 
  custom:audio-encoder-webm-vorbis: bf7c407c2cedff20999df2af8eb42d56 -> 
========================================================================
Received Import Request.
  Time since last request: 2268619.310946 seconds.
  path: Assets/HouseAssets/plants/Ninetendo_Switch_Carpet.fbx
  artifactKey: Guid(fbc86400aa9036343bd2a887c3c7da99) Importer(815301076,1909f56bfc062723c751e8b465ee728b)
Start importing Assets/HouseAssets/plants/Ninetendo_Switch_Carpet.fbx using Guid(fbc86400aa9036343bd2a887c3c7da99) Importer(815301076,1909f56bfc062723c751e8b465ee728b) [PhysX] Initialized MultithreadedTaskDispatcher with 16 workers.
[PhysX] Initialized MultithreadedTaskDispatcher with 16 workers.
[PhysX] Initialized MultithreadedTaskDispatcher with 16 workers.
[PhysX] Initialized MultithreadedTaskDispatcher with 16 workers.
 -> (artifact id: '3cf54778aeaba09c0a54d37c4dc6fc98') in 0.133583 seconds
Number of updated asset objects reloaded before import = 0
Number of asset objects unloaded after import = 8
========================================================================
Received Import Request.
  Time since last request: 47.868140 seconds.
  path: Assets/HouseAssets/plants/Ninetendo_Switch_Carpet_Normal.png
  artifactKey: Guid(1d09b4bb18023244c8c16199d4ce8fda) Importer(815301076,1909f56bfc062723c751e8b465ee728b)
Start importing Assets/HouseAssets/plants/Ninetendo_Switch_Carpet_Normal.png using Guid(1d09b4bb18023244c8c16199d4ce8fda) Importer(815301076,1909f56bfc062723c751e8b465ee728b) [PhysX] Initialized MultithreadedTaskDispatcher with 16 workers.
[PhysX] Initialized MultithreadedTaskDispatcher with 16 workers.
 -> (artifact id: 'fbe825dda2766ec8220cdc2dbe10bb13') in 0.024998 seconds
Number of updated asset objects reloaded before import = 0
Number of asset objects unloaded after import = 2
========================================================================
Received Import Request.
  Time since last request: 593.625664 seconds.
  path: Assets/HouseAssets/plants/carpets#
  artifactKey: Guid(ee1845c640c4de54e97a09a2cb573d2a) Importer(815301076,1909f56bfc062723c751e8b465ee728b)
Start importing Assets/HouseAssets/plants/carpets# using Guid(ee1845c640c4de54e97a09a2cb573d2a) Importer(815301076,1909f56bfc062723c751e8b465ee728b) [PhysX] Initialized MultithreadedTaskDispatcher with 16 workers.
 -> (artifact id: 'e24600f81049c00437b6390c72f948a3') in 0.000578 seconds
Number of updated asset objects reloaded before import = 0
Number of asset objects unloaded after import = 0
========================================================================
Received Import Request.
  Time since last request: 13.377022 seconds.
  path: Assets/HouseAssets/plants/carpets#/cartoon_carpet_city.FBX
  artifactKey: Guid(8c859874a5adc4747b613bd1f9965d12) Importer(815301076,1909f56bfc062723c751e8b465ee728b)
Start importing Assets/HouseAssets/plants/carpets#/cartoon_carpet_city.FBX using Guid(8c859874a5adc4747b613bd1f9965d12) Importer(815301076,1909f56bfc062723c751e8b465ee728b) [PhysX] Initialized MultithreadedTaskDispatcher with 16 workers.
[PhysX] Initialized MultithreadedTaskDispatcher with 16 workers.
[PhysX] Initialized MultithreadedTaskDispatcher with 16 workers.
[PhysX] Initialized MultithreadedTaskDispatcher with 16 workers.
 -> (artifact id: '1f5b8d50766f758ac6cc8b4bfc600fde') in 0.083169 seconds
Number of updated asset objects reloaded before import = 0
Number of asset objects unloaded after import = 8
========================================================================
Received Import Request.
  Time since last request: 2.165088 seconds.
  path: Assets/HouseAssets/plants/carpets#/cartoon-city.jpg
  artifactKey: Guid(a5eca0b4977ba5249a01c8b27978b24a) Importer(815301076,1909f56bfc062723c751e8b465ee728b)
Start importing Assets/HouseAssets/plants/carpets#/cartoon-city.jpg using Guid(a5eca0b4977ba5249a01c8b27978b24a) Importer(815301076,1909f56bfc062723c751e8b465ee728b) [PhysX] Initialized MultithreadedTaskDispatcher with 16 workers.
[PhysX] Initialized MultithreadedTaskDispatcher with 16 workers.
 -> (artifact id: 'd8d6ade8deb128ab31995d0a9dfb0a29') in 0.019168 seconds
Number of updated asset objects reloaded before import = 0
Number of asset objects unloaded after import = 2
========================================================================
Received Import Request.
  Time since last request: 100.668381 seconds.
  path: Assets/HouseAssets/plants/carpets#/Materials
  artifactKey: Guid(d528673a9f139cc42bfa14da32ef2416) Importer(815301076,1909f56bfc062723c751e8b465ee728b)
Start importing Assets/HouseAssets/plants/carpets#/Materials using Guid(d528673a9f139cc42bfa14da32ef2416) Importer(815301076,1909f56bfc062723c751e8b465ee728b) [PhysX] Initialized MultithreadedTaskDispatcher with 16 workers.
 -> (artifact id: '188504508f3e00cf7a1a215390fb4882') in 0.000570 seconds
Number of updated asset objects reloaded before import = 0
Number of asset objects unloaded after import = 0
========================================================================
Received Import Request.
  Time since last request: 0.048375 seconds.
  path: Assets/HouseAssets/plants/carpets#/Materials/cartoon-city.mat
  artifactKey: Guid(978814dbb445d2f459d97bce11d2d4d2) Importer(815301076,1909f56bfc062723c751e8b465ee728b)
Start importing Assets/HouseAssets/plants/carpets#/Materials/cartoon-city.mat using Guid(978814dbb445d2f459d97bce11d2d4d2) Importer(815301076,1909f56bfc062723c751e8b465ee728b) [PhysX] Initialized MultithreadedTaskDispatcher with 16 workers.
[PhysX] Initialized MultithreadedTaskDispatcher with 16 workers.
 -> (artifact id: '8df7c9c87767e4a8aded2a0ae52bc96b') in 0.013948 seconds
Number of updated asset objects reloaded before import = 0
Number of asset objects unloaded after import = 2
========================================================================
Received Import Request.
  Time since last request: 18.178407 seconds.
  path: Assets/HouseAssets/plants/carpets#/carpet.fbx
  artifactKey: Guid(e85bdd301e2634342a886625744e3932) Importer(815301076,1909f56bfc062723c751e8b465ee728b)
Start importing Assets/HouseAssets/plants/carpets#/carpet.fbx using Guid(e85bdd301e2634342a886625744e3932) Importer(815301076,1909f56bfc062723c751e8b465ee728b) [PhysX] Initialized MultithreadedTaskDispatcher with 16 workers.
[PhysX] Initialized MultithreadedTaskDispatcher with 16 workers.
[PhysX] Initialized MultithreadedTaskDispatcher with 16 workers.
[PhysX] Initialized MultithreadedTaskDispatcher with 16 workers.
[PhysX] Initialized MultithreadedTaskDispatcher with 16 workers.
 -> (artifact id: 'b38ddcdf280ae612ecef56562442dcb6') in 0.263224 seconds
Number of updated asset objects reloaded before import = 0
Number of asset objects unloaded after import = 16
========================================================================
Received Import Request.
  Time since last request: 2.163255 seconds.
  path: Assets/HouseAssets/plants/carpets#/oriental-persian-carpet-texture_40015-242.jpg
  artifactKey: Guid(16d8b3b595ea7b84a926e8c0d4e9fe4a) Importer(815301076,1909f56bfc062723c751e8b465ee728b)
Start importing Assets/HouseAssets/plants/carpets#/oriental-persian-carpet-texture_40015-242.jpg using Guid(16d8b3b595ea7b84a926e8c0d4e9fe4a) Importer(815301076,1909f56bfc062723c751e8b465ee728b) [PhysX] Initialized MultithreadedTaskDispatcher with 16 workers.
[PhysX] Initialized MultithreadedTaskDispatcher with 16 workers.
 -> (artifact id: '3305a7aa3ef345ef175f3ba37fd8f9c3') in 0.015398 seconds
Number of updated asset objects reloaded before import = 0
Number of asset objects unloaded after import = 2
========================================================================
Received Import Request.
  Time since last request: 256.859761 seconds.
  path: Assets/HouseAssets/plants/Sansevieria.fbx
  artifactKey: Guid(006723b9ff7195740ae4ae3d69b964b4) Importer(815301076,1909f56bfc062723c751e8b465ee728b)
Start importing Assets/HouseAssets/plants/Sansevieria.fbx using Guid(006723b9ff7195740ae4ae3d69b964b4) Importer(815301076,1909f56bfc062723c751e8b465ee728b) [PhysX] Initialized MultithreadedTaskDispatcher with 16 workers.
[PhysX] Initialized MultithreadedTaskDispatcher with 16 workers.
[PhysX] Initialized MultithreadedTaskDispatcher with 16 workers.
[PhysX] Initialized MultithreadedTaskDispatcher with 16 workers.
[PhysX] Initialized MultithreadedTaskDispatcher with 16 workers.
[PhysX] Initialized MultithreadedTaskDispatcher with 16 workers.
[PhysX] Initialized MultithreadedTaskDispatcher with 16 workers.
[PhysX] Initialized MultithreadedTaskDispatcher with 16 workers.
 -> (artifact id: '3bb2f6c9dcc416a81455df4a936be3f5') in 0.071736 seconds
Number of updated asset objects reloaded before import = 0
Number of asset objects unloaded after import = 16
========================================================================
Received Import Request.
  Time since last request: 20.809446 seconds.
  path: Assets/HouseAssets/plants/Materials
  artifactKey: Guid(b06a8be9e1897de4b91074fa86ccd506) Importer(815301076,1909f56bfc062723c751e8b465ee728b)
Start importing Assets/HouseAssets/plants/Materials using Guid(b06a8be9e1897de4b91074fa86ccd506) Importer(815301076,1909f56bfc062723c751e8b465ee728b) [PhysX] Initialized MultithreadedTaskDispatcher with 16 workers.
 -> (artifact id: '7fdc5a6c92e6f24183da959d8a7397f3') in 0.000516 seconds
Number of updated asset objects reloaded before import = 0
Number of asset objects unloaded after import = 0
========================================================================
Received Import Request.
  Time since last request: 0.044660 seconds.
  path: Assets/HouseAssets/plants/Materials/house_ivy_pot_OcclusionRoughnessMetallic.mat
  artifactKey: Guid(3609234b3f35d0648bd3bcf7b1e06946) Importer(815301076,1909f56bfc062723c751e8b465ee728b)
Start importing Assets/HouseAssets/plants/Materials/house_ivy_pot_OcclusionRoughnessMetallic.mat using Guid(3609234b3f35d0648bd3bcf7b1e06946) Importer(815301076,1909f56bfc062723c751e8b465ee728b) [PhysX] Initialized MultithreadedTaskDispatcher with 16 workers.
[PhysX] Initialized MultithreadedTaskDispatcher with 16 workers.
 -> (artifact id: 'ca870ac6421bf9e0d3a6cb8b7ee2d616') in 0.012410 seconds
Number of updated asset objects reloaded before import = 0
Number of asset objects unloaded after import = 1
========================================================================
Received Import Request.
  Time since last request: 73.905031 seconds.
  path: Assets/HouseAssets/plants/Maps
  artifactKey: Guid(dd29c9c958109c04e9b8f517202b13cc) Importer(815301076,1909f56bfc062723c751e8b465ee728b)
Start importing Assets/HouseAssets/plants/Maps using Guid(dd29c9c958109c04e9b8f517202b13cc) Importer(815301076,1909f56bfc062723c751e8b465ee728b) [PhysX] Initialized MultithreadedTaskDispatcher with 16 workers.
 -> (artifact id: 'aa13f0cbea5382f8bcc949aed178aabe') in 0.000444 seconds
Number of updated asset objects reloaded before import = 0
Number of asset objects unloaded after import = 0
========================================================================
Received Import Request.
  Time since last request: 0.055808 seconds.
  path: Assets/HouseAssets/plants/Maps/Mtl00_Sansevieria_BaseColor.png
  artifactKey: Guid(688c7ef8b06ec3543ab33ff5cdadbb05) Importer(815301076,1909f56bfc062723c751e8b465ee728b)
Start importing Assets/HouseAssets/plants/Maps/Mtl00_Sansevieria_BaseColor.png using Guid(688c7ef8b06ec3543ab33ff5cdadbb05) Importer(815301076,1909f56bfc062723c751e8b465ee728b) [PhysX] Initialized MultithreadedTaskDispatcher with 16 workers.
[PhysX] Initialized MultithreadedTaskDispatcher with 16 workers.
 -> (artifact id: '249c83156bad7741a073a0521b11c644') in 0.013613 seconds
Number of updated asset objects reloaded before import = 0
Number of asset objects unloaded after import = 2
========================================================================
Received Import Request.
  Time since last request: 0.004546 seconds.
  path: Assets/HouseAssets/plants/Maps/Mtl00_Sansevieria_Normal.png
  artifactKey: Guid(2d7178edf8e9c3f4abff87e4a798183a) Importer(815301076,1909f56bfc062723c751e8b465ee728b)
Start importing Assets/HouseAssets/plants/Maps/Mtl00_Sansevieria_Normal.png using Guid(2d7178edf8e9c3f4abff87e4a798183a) Importer(815301076,1909f56bfc062723c751e8b465ee728b) [PhysX] Initialized MultithreadedTaskDispatcher with 16 workers.
[PhysX] Initialized MultithreadedTaskDispatcher with 16 workers.
 -> (artifact id: 'f6eedba1002003e66b46ff3c413e9926') in 0.015026 seconds
Number of updated asset objects reloaded before import = 0
Number of asset objects unloaded after import = 2
========================================================================
Received Import Request.
  Time since last request: 0.000022 seconds.
  path: Assets/HouseAssets/plants/Maps/Mtl01_Sansevieria_Metallic.png
  artifactKey: Guid(9213ee078e4db14438f8b738267045fa) Importer(815301076,1909f56bfc062723c751e8b465ee728b)
Start importing Assets/HouseAssets/plants/Maps/Mtl01_Sansevieria_Metallic.png using Guid(9213ee078e4db14438f8b738267045fa) Importer(815301076,1909f56bfc062723c751e8b465ee728b) [PhysX] Initialized MultithreadedTaskDispatcher with 16 workers.
[PhysX] Initialized MultithreadedTaskDispatcher with 16 workers.
 -> (artifact id: 'd714c80f84abd48986327b5bf2664126') in 0.006184 seconds
Number of updated asset objects reloaded before import = 0
Number of asset objects unloaded after import = 2
========================================================================
Received Import Request.
  Time since last request: 0.000029 seconds.
  path: Assets/HouseAssets/plants/Maps/Mtl00_Sansevieria_Roughness.png
  artifactKey: Guid(58832690a4701c14e9a9cda51f99dbd7) Importer(815301076,1909f56bfc062723c751e8b465ee728b)
Start importing Assets/HouseAssets/plants/Maps/Mtl00_Sansevieria_Roughness.png using Guid(58832690a4701c14e9a9cda51f99dbd7) Importer(815301076,1909f56bfc062723c751e8b465ee728b) [PhysX] Initialized MultithreadedTaskDispatcher with 16 workers.
[PhysX] Initialized MultithreadedTaskDispatcher with 16 workers.
 -> (artifact id: '75900a53d907bec6b4b1af1ca53be5cb') in 0.015440 seconds
Number of updated asset objects reloaded before import = 0
Number of asset objects unloaded after import = 2
========================================================================
Received Import Request.
  Time since last request: 0.000022 seconds.
  path: Assets/HouseAssets/plants/Maps/Mtl00_Sansevieria_Metalness.png
  artifactKey: Guid(161d26f4ea568984cbc7e3200faeafb4) Importer(815301076,1909f56bfc062723c751e8b465ee728b)
Start importing Assets/HouseAssets/plants/Maps/Mtl00_Sansevieria_Metalness.png using Guid(161d26f4ea568984cbc7e3200faeafb4) Importer(815301076,1909f56bfc062723c751e8b465ee728b) [PhysX] Initialized MultithreadedTaskDispatcher with 16 workers.
[PhysX] Initialized MultithreadedTaskDispatcher with 16 workers.
 -> (artifact id: '559af7f4e6fd3df057d84b2036ad68b4') in 0.011370 seconds
Number of updated asset objects reloaded before import = 0
Number of asset objects unloaded after import = 2
========================================================================
Received Import Request.
  Time since last request: 0.000018 seconds.
  path: Assets/HouseAssets/plants/Maps/Mtl01_Sansevieria_Normal.png
  artifactKey: Guid(e37720be96c5a1f48a59f9cab105d0df) Importer(815301076,1909f56bfc062723c751e8b465ee728b)
Start importing Assets/HouseAssets/plants/Maps/Mtl01_Sansevieria_Normal.png using Guid(e37720be96c5a1f48a59f9cab105d0df) Importer(815301076,1909f56bfc062723c751e8b465ee728b) [PhysX] Initialized MultithreadedTaskDispatcher with 16 workers.
[PhysX] Initialized MultithreadedTaskDispatcher with 16 workers.
 -> (artifact id: 'c8d4680cb4909796f1380ab09f2c077b') in 0.012996 seconds
Number of updated asset objects reloaded before import = 0
Number of asset objects unloaded after import = 2
========================================================================
Received Import Request.
  Time since last request: 7.304080 seconds.
  path: Assets/HouseAssets/plants/Maps/Materials
  artifactKey: Guid(a0ca77c88e33bd245a8494fde8def5d4) Importer(815301076,1909f56bfc062723c751e8b465ee728b)
Start importing Assets/HouseAssets/plants/Maps/Materials using Guid(a0ca77c88e33bd245a8494fde8def5d4) Importer(815301076,1909f56bfc062723c751e8b465ee728b) [PhysX] Initialized MultithreadedTaskDispatcher with 16 workers.
 -> (artifact id: '789bd0e6b6264deb192696d096dfa825') in 0.000641 seconds
Number of updated asset objects reloaded before import = 0
Number of asset objects unloaded after import = 0
========================================================================
Received Import Request.
  Time since last request: 0.056437 seconds.
  path: Assets/HouseAssets/plants/Maps/Materials/Mtl00_Sansevieria_BaseColor.mat
  artifactKey: Guid(e99119be53684c84c8b4d638f2040ab8) Importer(815301076,1909f56bfc062723c751e8b465ee728b)
Start importing Assets/HouseAssets/plants/Maps/Materials/Mtl00_Sansevieria_BaseColor.mat using Guid(e99119be53684c84c8b4d638f2040ab8) Importer(815301076,1909f56bfc062723c751e8b465ee728b) [PhysX] Initialized MultithreadedTaskDispatcher with 16 workers.
[PhysX] Initialized MultithreadedTaskDispatcher with 16 workers.
 -> (artifact id: '7eecb21e8d20e7e9e838936056099192') in 0.014400 seconds
Number of updated asset objects reloaded before import = 0
Number of asset objects unloaded after import = 2
========================================================================
Received Import Request.
  Time since last request: 41.267163 seconds.
  path: Assets/HouseAssets/plants/Maps/Materials/Mtl01_Sansevieria_BaseColor.mat
  artifactKey: Guid(f197581930724494ea3097468074cfde) Importer(815301076,1909f56bfc062723c751e8b465ee728b)
Start importing Assets/HouseAssets/plants/Maps/Materials/Mtl01_Sansevieria_BaseColor.mat using Guid(f197581930724494ea3097468074cfde) Importer(815301076,1909f56bfc062723c751e8b465ee728b) [PhysX] Initialized MultithreadedTaskDispatcher with 16 workers.
[PhysX] Initialized MultithreadedTaskDispatcher with 16 workers.
 -> (artifact id: 'b00a849df44ecd7829914f48cd5915b2') in 0.012629 seconds
Number of updated asset objects reloaded before import = 0
Number of asset objects unloaded after import = 2
========================================================================
Received Import Request.
  Time since last request: 42.078716 seconds.
  path: Assets/HouseAssets/plants/Maps/Mtl00_Sansevieria_Normal.png
  artifactKey: Guid(2d7178edf8e9c3f4abff87e4a798183a) Importer(815301076,1909f56bfc062723c751e8b465ee728b)
Start importing Assets/HouseAssets/plants/Maps/Mtl00_Sansevieria_Normal.png using Guid(2d7178edf8e9c3f4abff87e4a798183a) Importer(815301076,1909f56bfc062723c751e8b465ee728b) [PhysX] Initialized MultithreadedTaskDispatcher with 16 workers.
[PhysX] Initialized MultithreadedTaskDispatcher with 16 workers.
 -> (artifact id: 'c5550dbc78b45f58d8e85a5a7b5d2dcc') in 0.016426 seconds
Number of updated asset objects reloaded before import = 0
Number of asset objects unloaded after import = 2
========================================================================
Received Import Request.
  Time since last request: 45.594291 seconds.
  path: Assets/HouseAssets/plants/Maps/Mtl01_Sansevieria_Normal.png
  artifactKey: Guid(e37720be96c5a1f48a59f9cab105d0df) Importer(815301076,1909f56bfc062723c751e8b465ee728b)
Start importing Assets/HouseAssets/plants/Maps/Mtl01_Sansevieria_Normal.png using Guid(e37720be96c5a1f48a59f9cab105d0df) Importer(815301076,1909f56bfc062723c751e8b465ee728b) [PhysX] Initialized MultithreadedTaskDispatcher with 16 workers.
[PhysX] Initialized MultithreadedTaskDispatcher with 16 workers.
 -> (artifact id: 'ca2f1592d2d8dd3f005185f4962f23da') in 0.018335 seconds
Number of updated asset objects reloaded before import = 0
Number of asset objects unloaded after import = 2
========================================================================
Received Import Request.
  Time since last request: 169.173070 seconds.
  path: Assets/HouseAssets/plants/Maps/shapespark_interior-plants_kit.fbx
  artifactKey: Guid(0ae7d87ef70f71e4b8c9f3d3821712a0) Importer(815301076,1909f56bfc062723c751e8b465ee728b)
Start importing Assets/HouseAssets/plants/Maps/shapespark_interior-plants_kit.fbx using Guid(0ae7d87ef70f71e4b8c9f3d3821712a0) Importer(815301076,1909f56bfc062723c751e8b465ee728b) [PhysX] Initialized MultithreadedTaskDispatcher with 16 workers.
[PhysX] Initialized MultithreadedTaskDispatcher with 16 workers.
[PhysX] Initialized MultithreadedTaskDispatcher with 16 workers.
[PhysX] Initialized MultithreadedTaskDispatcher with 16 workers.
[PhysX] Initialized MultithreadedTaskDispatcher with 16 workers.
[PhysX] Initialized MultithreadedTaskDispatcher with 16 workers.
[PhysX] Initialized MultithreadedTaskDispatcher with 16 workers.
[PhysX] Initialized MultithreadedTaskDispatcher with 16 workers.
[PhysX] Initialized MultithreadedTaskDispatcher with 16 workers.
[PhysX] Initialized MultithreadedTaskDispatcher with 16 workers.
[PhysX] Initialized MultithreadedTaskDispatcher with 16 workers.
[PhysX] Initialized MultithreadedTaskDispatcher with 16 workers.
[PhysX] Initialized MultithreadedTaskDispatcher with 16 workers.
[PhysX] Initialized MultithreadedTaskDispatcher with 16 workers.
[PhysX] Initialized MultithreadedTaskDispatcher with 16 workers.
[PhysX] Initialized MultithreadedTaskDispatcher with 16 workers.
[PhysX] Initialized MultithreadedTaskDispatcher with 16 workers.
[PhysX] Initialized MultithreadedTaskDispatcher with 16 workers.
[PhysX] Initialized MultithreadedTaskDispatcher with 16 workers.
[PhysX] Initialized MultithreadedTaskDispatcher with 16 workers.
[PhysX] Initialized MultithreadedTaskDispatcher with 16 workers.
[PhysX] Initialized MultithreadedTaskDispatcher with 16 workers.
[PhysX] Initialized MultithreadedTaskDispatcher with 16 workers.
[PhysX] Initialized MultithreadedTaskDispatcher with 16 workers.
[PhysX] Initialized MultithreadedTaskDispatcher with 16 workers.
[PhysX] Initialized MultithreadedTaskDispatcher with 16 workers.
 -> (artifact id: '17b967ccc9dde5c4af846fe4de824c34') in 0.275010 seconds
Number of updated asset objects reloaded before import = 0
Number of asset objects unloaded after import = 49
